<?xml version="1.0" encoding="utf-8"?><testsuites name="pytest tests"><testsuite name="pytest" errors="0" failures="0" skipped="0" tests="11" time="21.076" timestamp="2026-05-12T00:43:44.671812+00:00" hostname="agent-env-8dbb82ff-af52-4d79-a942-4bfe461f9d5f"><testcase classname="backend.tests.test_decipher" name="test_analyze_order_structure" time="20.326" /><testcase classname="backend.tests.test_decipher" name="test_analyze_unsupported_mime" time="0.058" /><testcase classname="backend.tests.test_decipher" name="test_get_order_by_id" time="0.076" /><testcase classname="backend.tests.test_decipher" name="test_get_order_not_found" time="0.053" /><testcase classname="backend.tests.test_decipher" name="test_stats_includes_orders_analyzed" time="0.052" /><testcase classname="backend.tests.test_decipher" name="test_smoke_root" time="0.048" /><testcase classname="backend.tests.test_decipher" name="test_smoke_counselors" time="0.051" /><testcase classname="backend.tests.test_decipher" name="test_smoke_stories" time="0.052" /><testcase classname="backend.tests.test_decipher" name="test_smoke_resources" time="0.053" /><testcase classname="backend.tests.test_decipher" name="test_smoke_contact" time="0.055" /><testcase classname="backend.tests.test_decipher" name="test_smoke_booking" time="0.049" /></testsuite></testsuites>