<?xml version="1.0" encoding="utf-8"?><testsuites name="pytest tests"><testsuite name="pytest" errors="0" failures="0" skipped="0" tests="12" time="83.472" timestamp="2026-05-12T00:55:01.606243+00:00" hostname="agent-env-8dbb82ff-af52-4d79-a942-4bfe461f9d5f"><testcase classname="backend.tests.test_iteration3" name="test_list_jurisdictions" time="0.243" /><testcase classname="backend.tests.test_iteration3" name="test_analyze_with_jurisdiction_tx" time="24.835" /><testcase classname="backend.tests.test_iteration3" name="test_analyze_without_jurisdiction" time="21.640" /><testcase classname="backend.tests.test_iteration3" name="test_chat_with_order_and_jurisdiction" time="6.478" /><testcase classname="backend.tests.test_iteration3" name="test_chat_with_bogus_order_id" time="6.422" /><testcase classname="backend.tests.test_iteration3" name="test_chat_jurisdiction_only" time="8.356" /><testcase classname="backend.tests.test_iteration3" name="test_regression_counselors" time="0.060" /><testcase classname="backend.tests.test_iteration3" name="test_regression_stories" time="0.057" /><testcase classname="backend.tests.test_iteration3" name="test_regression_resources" time="0.057" /><testcase classname="backend.tests.test_iteration3" name="test_regression_contact" time="0.057" /><testcase classname="backend.tests.test_iteration3" name="test_regression_booking" time="0.058" /><testcase classname="backend.tests.test_iteration3" name="test_regression_decipher_without_jurisdiction_still_returns_nullable_fields" time="15.149" /></testsuite></testsuites>