<?xml version="1.0" encoding="utf-8"?><testsuites name="pytest tests"><testsuite name="pytest" errors="0" failures="0" skipped="0" tests="17" time="14.632" timestamp="2026-05-12T00:32:33.264519+00:00" hostname="agent-env-8dbb82ff-af52-4d79-a942-4bfe461f9d5f"><testcase classname="backend.tests.test_unbound_api" name="test_root_message" time="0.273" /><testcase classname="backend.tests.test_unbound_api" name="test_list_counselors_seeded" time="0.060" /><testcase classname="backend.tests.test_unbound_api" name="test_get_single_counselor" time="0.053" /><testcase classname="backend.tests.test_unbound_api" name="test_get_counselor_not_found" time="0.049" /><testcase classname="backend.tests.test_unbound_api" name="test_filter_counselors_by_specialty" time="0.052" /><testcase classname="backend.tests.test_unbound_api" name="test_filter_counselors_by_accepting" time="0.051" /><testcase classname="backend.tests.test_unbound_api" name="test_create_booking_success" time="0.077" /><testcase classname="backend.tests.test_unbound_api" name="test_create_booking_bad_counselor" time="0.049" /><testcase classname="backend.tests.test_unbound_api" name="test_list_approved_stories" time="0.053" /><testcase classname="backend.tests.test_unbound_api" name="test_submit_story_pending" time="0.047" /><testcase classname="backend.tests.test_unbound_api" name="test_like_story" time="0.111" /><testcase classname="backend.tests.test_unbound_api" name="test_like_story_not_found" time="0.091" /><testcase classname="backend.tests.test_unbound_api" name="test_list_resources" time="0.050" /><testcase classname="backend.tests.test_unbound_api" name="test_resources_filter_by_category" time="0.050" /><testcase classname="backend.tests.test_unbound_api" name="test_contact_submit" time="0.076" /><testcase classname="backend.tests.test_unbound_api" name="test_chat_flow_and_history" time="13.227" /><testcase classname="backend.tests.test_unbound_api" name="test_stats" time="0.051" /></testsuite></testsuites>